# JRE version: Java(TM) SE Runtime Environment (8.0_271-b09) (build 1.8.0_271-b09)
# Java VM: Java HotSpot(TM) 64-Bit Server VM (25.271-b09 mixed mode windows-amd64 compressed oops)
Heap:
 PSYoungGen      total 134656K, used 51561K [0x00000000f5580000, 0x00000000ffb80000, 0x0000000100000000)
  eden space 98304K, 41% used [0x00000000f5580000,0x00000000f7d8c108,0x00000000fb580000)
  from space 36352K, 29% used [0x00000000fb580000,0x00000000fbfce5c0,0x00000000fd900000)
  to   space 33792K, 0% used [0x00000000fda80000,0x00000000fda80000,0x00000000ffb80000)
 ParOldGen       total 349696K, used 229427K [0x00000000e0000000, 0x00000000f5580000, 0x00000000f5580000)
  object space 349696K, 65% used [0x00000000e0000000,0x00000000ee00cd70,0x00000000f5580000)
 Metaspace       used 111570K, capacity 119400K, committed 119680K, reserved 1153024K
  class space    used 14376K, capacity 15906K, committed 16000K, reserved 1048576K
GC Heap History (10 events):
Event: 1070.630 GC heap before
{Heap before GC invocations=147 (full 9):
 PSYoungGen      total 130560K, used 95600K [0x00000000f5580000, 0x00000000ffd80000, 0x0000000100000000)
  eden space 92160K, 100% used [0x00000000f5580000,0x00000000faf80000,0x00000000faf80000)
  from space 38400K, 8% used [0x00000000fd800000,0x00000000fdb5c010,0x00000000ffd80000)
  to   space 39936K, 0% used [0x00000000faf80000,0x00000000faf80000,0x00000000fd680000)
 ParOldGen       total 349696K, used 187990K [0x00000000e0000000, 0x00000000f5580000, 0x00000000f5580000)
  object space 349696K, 53% used [0x00000000e0000000,0x00000000eb795bd8,0x00000000f5580000)
 Metaspace       used 111160K, capacity 118846K, committed 119040K, reserved 1153024K
  class space    used 14342K, capacity 15851K, committed 15872K, reserved 1048576K
Event: 1070.644 GC heap after
Heap after GC invocations=147 (full 9):
 PSYoungGen      total 132096K, used 19168K [0x00000000f5580000, 0x0000000100000000, 0x0000000100000000)
  eden space 92160K, 0% used [0x00000000f5580000,0x00000000f5580000,0x00000000faf80000)
  from space 39936K, 47% used [0x00000000faf80000,0x00000000fc238218,0x00000000fd680000)
  to   space 39936K, 0% used [0x00000000fd900000,0x00000000fd900000,0x0000000100000000)
 ParOldGen       total 349696K, used 191050K [0x00000000e0000000, 0x00000000f5580000, 0x00000000f5580000)
  object space 349696K, 54% used [0x00000000e0000000,0x00000000eba92808,0x00000000f5580000)
 Metaspace       used 111160K, capacity 118846K, committed 119040K, reserved 1153024K
  class space    used 14342K, capacity 15851K, committed 15872K, reserved 1048576K
}
Event: 1071.104 GC heap before
{Heap before GC invocations=148 (full 9):
 PSYoungGen      total 132096K, used 111328K [0x00000000f5580000, 0x0000000100000000, 0x0000000100000000)
  eden space 92160K, 100% used [0x00000000f5580000,0x00000000faf80000,0x00000000faf80000)
  from space 39936K, 47% used [0x00000000faf80000,0x00000000fc238218,0x00000000fd680000)
  to   space 39936K, 0% used [0x00000000fd900000,0x00000000fd900000,0x0000000100000000)
 ParOldGen       total 349696K, used 191050K [0x00000000e0000000, 0x00000000f5580000, 0x00000000f5580000)
  object space 349696K, 54% used [0x00000000e0000000,0x00000000eba92808,0x00000000f5580000)
 Metaspace       used 111182K, capacity 118846K, committed 119040K, reserved 1153024K
  class space    used 14342K, capacity 15851K, committed 15872K, reserved 1048576K
Event: 1071.118 GC heap after
Heap after GC invocations=148 (full 9):
 PSYoungGen      total 132608K, used 2080K [0x00000000f5580000, 0x00000000ffe00000, 0x0000000100000000)
  eden space 94720K, 0% used [0x00000000f5580000,0x00000000f5580000,0x00000000fb200000)
  from space 37888K, 5% used [0x00000000fd900000,0x00000000fdb08000,0x00000000ffe00000)
  to   space 38912K, 0% used [0x00000000fb200000,0x00000000fb200000,0x00000000fd800000)
 ParOldGen       total 349696K, used 209379K [0x00000000e0000000, 0x00000000f5580000, 0x00000000f5580000)
  object space 349696K, 59% used [0x00000000e0000000,0x00000000ecc78ea0,0x00000000f5580000)
 Metaspace       used 111182K, capacity 118846K, committed 119040K, reserved 1153024K
  class space    used 14342K, capacity 15851K, committed 15872K, reserved 1048576K
}
Event: 1227.655 GC heap before
{Heap before GC invocations=149 (full 9):
 PSYoungGen      total 132608K, used 96800K [0x00000000f5580000, 0x00000000ffe00000, 0x0000000100000000)
  eden space 94720K, 100% used [0x00000000f5580000,0x00000000fb200000,0x00000000fb200000)
  from space 37888K, 5% used [0x00000000fd900000,0x00000000fdb08000,0x00000000ffe00000)
  to   space 38912K, 0% used [0x00000000fb200000,0x00000000fb200000,0x00000000fd800000)
 ParOldGen       total 349696K, used 209379K [0x00000000e0000000, 0x00000000f5580000, 0x00000000f5580000)
  object space 349696K, 59% used [0x00000000e0000000,0x00000000ecc78ea0,0x00000000f5580000)
 Metaspace       used 111331K, capacity 119052K, committed 119168K, reserved 1153024K
  class space    used 14361K, capacity 15884K, committed 16000K, reserved 1048576K
Event: 1227.662 GC heap after
Heap after GC invocations=149 (full 9):
 PSYoungGen      total 133632K, used 5517K [0x00000000f5580000, 0x00000000ffe00000, 0x0000000100000000)
  eden space 94720K, 0% used [0x00000000f5580000,0x00000000f5580000,0x00000000fb200000)
  from space 38912K, 14% used [0x00000000fb200000,0x00000000fb7637e0,0x00000000fd800000)
  to   space 37376K, 0% used [0x00000000fd980000,0x00000000fd980000,0x00000000ffe00000)
 ParOldGen       total 349696K, used 210272K [0x00000000e0000000, 0x00000000f5580000, 0x00000000f5580000)
  object space 349696K, 60% used [0x00000000e0000000,0x00000000ecd58380,0x00000000f5580000)
 Metaspace       used 111331K, capacity 119052K, committed 119168K, reserved 1153024K
  class space    used 14361K, capacity 15884K, committed 16000K, reserved 1048576K
}
Event: 1228.051 GC heap before
{Heap before GC invocations=150 (full 9):
 PSYoungGen      total 133632K, used 100237K [0x00000000f5580000, 0x00000000ffe00000, 0x0000000100000000)
  eden space 94720K, 100% used [0x00000000f5580000,0x00000000fb200000,0x00000000fb200000)
  from space 38912K, 14% used [0x00000000fb200000,0x00000000fb7637e0,0x00000000fd800000)
  to   space 37376K, 0% used [0x00000000fd980000,0x00000000fd980000,0x00000000ffe00000)
 ParOldGen       total 349696K, used 210272K [0x00000000e0000000, 0x00000000f5580000, 0x00000000f5580000)
  object space 349696K, 60% used [0x00000000e0000000,0x00000000ecd58380,0x00000000f5580000)
 Metaspace       used 111507K, capacity 119320K, committed 119424K, reserved 1153024K
  class space    used 14374K, capacity 15904K, committed 16000K, reserved 1048576K
Event: 1228.066 GC heap after
Heap after GC invocations=150 (full 9):
 PSYoungGen      total 134144K, used 15056K [0x00000000f5580000, 0x00000000ffc80000, 0x0000000100000000)
  eden space 98304K, 0% used [0x00000000f5580000,0x00000000f5580000,0x00000000fb580000)
  from space 35840K, 42% used [0x00000000fd980000,0x00000000fe834010,0x00000000ffc80000)
  to   space 36352K, 0% used [0x00000000fb580000,0x00000000fb580000,0x00000000fd900000)
 ParOldGen       total 349696K, used 215265K [0x00000000e0000000, 0x00000000f5580000, 0x00000000f5580000)
  object space 349696K, 61% used [0x00000000e0000000,0x00000000ed238460,0x00000000f5580000)
 Metaspace       used 111507K, capacity 119320K, committed 119424K, reserved 1153024K
  class space    used 14374K, capacity 15904K, committed 16000K, reserved 1048576K
}
Event: 1228.695 GC heap before
{Heap before GC invocations=151 (full 9):
 PSYoungGen      total 134144K, used 113360K [0x00000000f5580000, 0x00000000ffc80000, 0x0000000100000000)
  eden space 98304K, 100% used [0x00000000f5580000,0x00000000fb580000,0x00000000fb580000)
  from space 35840K, 42% used [0x00000000fd980000,0x00000000fe834010,0x00000000ffc80000)
  to   space 36352K, 0% used [0x00000000fb580000,0x00000000fb580000,0x00000000fd900000)
 ParOldGen       total 349696K, used 215265K [0x00000000e0000000, 0x00000000f5580000, 0x00000000f5580000)
  object space 349696K, 61% used [0x00000000e0000000,0x00000000ed238460,0x00000000f5580000)
 Metaspace       used 111562K, capacity 119400K, committed 119680K, reserved 1153024K
  class space    used 14375K, capacity 15906K, committed 16000K, reserved 1048576K
Event: 1228.705 GC heap after
Heap after GC invocations=151 (full 9):
 PSYoungGen      total 134656K, used 10553K [0x00000000f5580000, 0x00000000ffb80000, 0x0000000100000000)
  eden space 98304K, 0% used [0x00000000f5580000,0x00000000f5580000,0x00000000fb580000)
  from space 36352K, 29% used [0x00000000fb580000,0x00000000fbfce5c0,0x00000000fd900000)
  to   space 33792K, 0% used [0x00000000fda80000,0x00000000fda80000,0x00000000ffb80000)
 ParOldGen       total 349696K, used 229427K [0x00000000e0000000, 0x00000000f5580000, 0x00000000f5580000)
  object space 349696K, 65% used [0x00000000e0000000,0x00000000ee00cd70,0x00000000f5580000)
 Metaspace       used 111562K, capacity 119400K, committed 119680K, reserved 1153024K
  class space    used 14375K, capacity 15906K, committed 16000K, reserved 1048576K
}

